Manager account already exists: leolinquet
[db] connected to "clubbooking_local" as "leolopez-linquet"
[db] PostgreSQL 16.10 (Homebrew) on aarch64-apple-darwin24.4.0, compiled by Apple clang version 17.0.0 (clang-1700.0.13.3), 64-bit
node:events:496
      throw er; // Unhandled 'error' event
      ^

Error: listen EADDRINUSE: address already in use :::5051
    at Server.setupListenHandle [as _listen2] (node:net:1940:16)
    at listenInCluster (node:net:1997:12)
    at Server.listen (node:net:2102:7)
    at Function.listen (/Users/leolopez-linquet/Documents/club-booking-app/server/node_modules/express/lib/application.js:635:24)
    at file:///Users/leolopez-linquet/Documents/club-booking-app/server/server.js:3153:5
    at process.processTicksAndRejections (node:internal/process/task_queues:105:5)
Emitted 'error' event on Server instance at:
    at emitErrorNT (node:net:1976:8)
    at process.processTicksAndRejections (node:internal/process/task_queues:90:21) {
  code: 'EADDRINUSE',
  errno: -48,
  syscall: 'listen',
  address: '::',
  port: 5051
}

Node.js v22.18.0
